[2024-05-24 13:33:09 : INFO] - Re_Smush_It_Task with attachment ID : 6371, autocreated on : May 24, 2024 01:33:09 
[2024-05-24 13:35:09 : INFO] - Re_Smush_It_Task with attachment ID : 6373, autocreated on : May 24, 2024 01:35:09 
[2024-05-24 13:44:09 : INFO] - Re_Smush_It_Task with attachment ID : 6374, autocreated on : May 24, 2024 01:44:09 
[2024-05-28 16:28:44 : INFO] - Re_Smush_It_Task with attachment ID : 6464, autocreated on : May 28, 2024 04:28:44 
[2024-05-28 16:28:44 : INFO] - Re_Smush_It_Task with attachment ID : 6465, autocreated on : May 28, 2024 04:28:44 
[2024-05-28 16:32:07 : INFO] - Re_Smush_It_Task with attachment ID : 6466, autocreated on : May 28, 2024 04:32:07 
[2024-05-28 16:34:15 : INFO] - A total of 6 tasks of type smush found and will be processed in this iteration 
[2024-05-28 16:34:15 : DEBUG] - Lock option (updraft_lock_smush, wp_options) was created in the database 
[2024-05-28 16:34:15 : INFO] - Lock (updraft_lock_smush, wp_options) acquired after initialising the database 
[2024-05-28 16:34:15 : INFO] - Processing task with ID : 82, and type 'smush' 
[2024-05-28 16:34:15 : INFO] - Task with ID 82 and type (smush) failed with error code invalid_file_path - The linked attachment ID does not have a valid file path 
[2024-05-28 16:34:15 : INFO] - Processing task with ID : 83, and type 'smush' 
[2024-05-28 16:34:15 : INFO] - Re_Smush_It_Task with attachment ID : 6373, autocreated on : May 24, 2024 01:35:09 
[2024-05-28 16:34:15 : INFO] - File: Screenshot_20201119-211519_WhatsApp.jpg, Compression quality: 80 
[2024-05-28 16:34:15 : INFO] - A total of 5 tasks of type smush found and will be processed in this iteration 
[2024-05-28 16:34:15 : DEBUG] - Lock option (updraft_lock_smush, wp_options) already existed in the database 
[2024-05-28 16:34:15 : INFO] - Lock (updraft_lock_smush, wp_options) could not be acquired (it is locked) 
[2024-05-28 16:34:15 : INFO] - Failed to gain semaphore lock (smush) - another process is already processing the queue - aborting (if this is wrong - i.e. if the other process crashed without removing the lock, then another can be started after 1 minute 
[2024-05-28 16:34:20 : INFO] - Backing up the original image - 2024/05/Screenshot_20201119-211519_WhatsApp-updraft-pre-smush-original.jpg 
[2024-05-28 16:34:28 : INFO] - Successfully optimized the image - /opt/bitnami/wordpress/wp-content/uploads/2024/05/Screenshot_20201119-211519_WhatsApp.jpg.The file was compressed from 325.53 KB to 64.63 KB, saving 80.15 percent, using WP-Optimize 
[2024-05-28 16:34:28 : INFO] - Completed processing task with ID : 83, and type 'smush' 
[2024-05-28 16:34:28 : INFO] - Processing task with ID : 84, and type 'smush' 
[2024-05-28 16:34:28 : INFO] - Re_Smush_It_Task with attachment ID : 6374, autocreated on : May 24, 2024 01:44:09 
[2024-05-28 16:34:28 : INFO] - File: humanhead.png, Compression quality: 80 
[2024-05-28 16:34:29 : INFO] - Backing up the original image - 2024/05/humanhead-updraft-pre-smush-original.png 
[2024-05-28 16:34:31 : INFO] - Successfully optimized the image - /opt/bitnami/wordpress/wp-content/uploads/2024/05/humanhead.png.The file was compressed from 5.27 KB to 2.77 KB, saving 47.42 percent, using WP-Optimize 
[2024-05-28 16:34:31 : INFO] - Completed processing task with ID : 84, and type 'smush' 
[2024-05-28 16:34:31 : INFO] - Processing task with ID : 85, and type 'smush' 
[2024-05-28 16:34:31 : INFO] - Re_Smush_It_Task with attachment ID : 6464, autocreated on : May 28, 2024 04:28:44 
[2024-05-28 16:34:31 : INFO] - File: chuk3.jpg, Compression quality: 80 
[2024-05-28 16:34:32 : INFO] - Backing up the original image - 2024/05/chuk3-updraft-pre-smush-original.jpg 
[2024-05-28 16:34:34 : INFO] - Successfully optimized the image - /opt/bitnami/wordpress/wp-content/uploads/2024/05/chuk3.jpg.The file was compressed from 27.46 KB to 19.54 KB, saving 28.85 percent, using WP-Optimize 
[2024-05-28 16:34:34 : INFO] - Completed processing task with ID : 85, and type 'smush' 
[2024-05-28 16:34:34 : INFO] - Processing task with ID : 86, and type 'smush' 
[2024-05-28 16:34:34 : INFO] - Re_Smush_It_Task with attachment ID : 6465, autocreated on : May 28, 2024 04:28:44 
[2024-05-28 16:34:34 : INFO] - File: chuks5.jpg, Compression quality: 80 
[2024-05-28 16:34:36 : INFO] - Backing up the original image - 2024/05/chuks5-updraft-pre-smush-original.jpg 
[2024-05-28 16:34:37 : INFO] - Successfully optimized the image - /opt/bitnami/wordpress/wp-content/uploads/2024/05/chuks5.jpg.The file was compressed from 17.97 KB to 12.92 KB, saving 28.07 percent, using WP-Optimize 
[2024-05-28 16:34:37 : INFO] - Completed processing task with ID : 86, and type 'smush' 
[2024-05-28 16:34:37 : INFO] - Processing task with ID : 87, and type 'smush' 
[2024-05-28 16:34:37 : INFO] - Task with ID 87 and type (smush) failed with error code invalid_file_path - The linked attachment ID does not have a valid file path 
[2024-05-28 16:34:37 : INFO] - Lock option (updraft_lock_smush, wp_options) released 
[2024-05-28 16:34:37 : INFO] - Successfully processed the queue (smush). 6 tasks were processed out of 6. 
[2024-05-28 16:34:37 : INFO] - Lock option (updraft_lock_smush, wp_options) was deleted from the database 
[2024-05-28 16:34:37 : INFO] - Cleaning up tasks of type (smush). A total of 4 tasks will be deleted. 
[2024-05-28 16:57:40 : INFO] - Pruning the smush log file 
[2024-05-28 17:21:47 : INFO] - Re_Smush_It_Task with attachment ID : 6467, autocreated on : May 28, 2024 05:21:47 
[2024-05-28 17:21:47 : INFO] - Re_Smush_It_Task with attachment ID : 6468, autocreated on : May 28, 2024 05:21:47 
[2024-05-28 17:21:47 : INFO] - Re_Smush_It_Task with attachment ID : 6469, autocreated on : May 28, 2024 05:21:47 
[2024-05-28 17:21:47 : INFO] - Re_Smush_It_Task with attachment ID : 6470, autocreated on : May 28, 2024 05:21:47 
[2024-05-28 17:21:48 : INFO] - Re_Smush_It_Task with attachment ID : 6471, autocreated on : May 28, 2024 05:21:48 
[2024-05-28 17:21:48 : INFO] - Re_Smush_It_Task with attachment ID : 6472, autocreated on : May 28, 2024 05:21:48 
[2024-05-28 17:21:48 : INFO] - Re_Smush_It_Task with attachment ID : 6473, autocreated on : May 28, 2024 05:21:48 
[2024-05-28 17:21:49 : INFO] - Re_Smush_It_Task with attachment ID : 6474, autocreated on : May 28, 2024 05:21:49 
[2024-05-28 17:21:49 : INFO] - Re_Smush_It_Task with attachment ID : 6475, autocreated on : May 28, 2024 05:21:49 
[2024-05-28 17:21:50 : INFO] - Re_Smush_It_Task with attachment ID : 6478, autocreated on : May 28, 2024 05:21:50 
[2024-05-28 17:21:51 : INFO] - Re_Smush_It_Task with attachment ID : 6479, autocreated on : May 28, 2024 05:21:51 
[2024-05-28 17:21:51 : INFO] - Re_Smush_It_Task with attachment ID : 6480, autocreated on : May 28, 2024 05:21:51 
[2024-05-28 17:21:51 : INFO] - Re_Smush_It_Task with attachment ID : 6481, autocreated on : May 28, 2024 05:21:51 
[2024-05-28 17:21:52 : INFO] - Re_Smush_It_Task with attachment ID : 6482, autocreated on : May 28, 2024 05:21:52 
[2024-05-28 17:21:52 : INFO] - Re_Smush_It_Task with attachment ID : 6483, autocreated on : May 28, 2024 05:21:52 
[2024-05-28 17:21:52 : INFO] - Re_Smush_It_Task with attachment ID : 6484, autocreated on : May 28, 2024 05:21:52 
[2024-05-28 17:21:53 : INFO] - Re_Smush_It_Task with attachment ID : 6485, autocreated on : May 28, 2024 05:21:53 
[2024-05-28 17:21:53 : INFO] - Re_Smush_It_Task with attachment ID : 6486, autocreated on : May 28, 2024 05:21:53 
[2024-05-28 17:21:53 : INFO] - Re_Smush_It_Task with attachment ID : 6487, autocreated on : May 28, 2024 05:21:53 
[2024-05-28 17:21:54 : INFO] - Re_Smush_It_Task with attachment ID : 6488, autocreated on : May 28, 2024 05:21:54 
[2024-05-28 17:21:54 : INFO] - Re_Smush_It_Task with attachment ID : 6489, autocreated on : May 28, 2024 05:21:54 
[2024-05-28 17:21:54 : INFO] - Re_Smush_It_Task with attachment ID : 6490, autocreated on : May 28, 2024 05:21:54 
[2024-05-28 17:25:08 : INFO] - Re_Smush_It_Task with attachment ID : 6491, autocreated on : May 28, 2024 05:25:08 
[2024-05-28 17:25:08 : INFO] - Re_Smush_It_Task with attachment ID : 6492, autocreated on : May 28, 2024 05:25:08 
[2024-05-28 17:25:09 : INFO] - Re_Smush_It_Task with attachment ID : 6493, autocreated on : May 28, 2024 05:25:09 
[2024-05-28 17:25:09 : INFO] - Re_Smush_It_Task with attachment ID : 6494, autocreated on : May 28, 2024 05:25:09 
[2024-05-28 17:25:10 : INFO] - Re_Smush_It_Task with attachment ID : 6495, autocreated on : May 28, 2024 05:25:10 
[2024-05-28 17:25:10 : INFO] - Re_Smush_It_Task with attachment ID : 6496, autocreated on : May 28, 2024 05:25:10 
[2024-05-28 17:25:10 : INFO] - Re_Smush_It_Task with attachment ID : 6497, autocreated on : May 28, 2024 05:25:10 
[2024-05-28 17:25:11 : INFO] - Re_Smush_It_Task with attachment ID : 6498, autocreated on : May 28, 2024 05:25:11 
[2024-05-28 17:25:11 : INFO] - Re_Smush_It_Task with attachment ID : 6499, autocreated on : May 28, 2024 05:25:11 
[2024-05-28 17:25:12 : INFO] - Re_Smush_It_Task with attachment ID : 6502, autocreated on : May 28, 2024 05:25:12 
[2024-05-28 17:25:12 : INFO] - Re_Smush_It_Task with attachment ID : 6503, autocreated on : May 28, 2024 05:25:12 
[2024-05-28 17:25:13 : INFO] - Re_Smush_It_Task with attachment ID : 6504, autocreated on : May 28, 2024 05:25:13 
[2024-05-28 17:25:13 : INFO] - Re_Smush_It_Task with attachment ID : 6505, autocreated on : May 28, 2024 05:25:13 
[2024-05-28 17:25:13 : INFO] - Re_Smush_It_Task with attachment ID : 6506, autocreated on : May 28, 2024 05:25:13 
[2024-05-28 17:25:14 : INFO] - Re_Smush_It_Task with attachment ID : 6507, autocreated on : May 28, 2024 05:25:14 
[2024-05-28 17:25:14 : INFO] - Re_Smush_It_Task with attachment ID : 6508, autocreated on : May 28, 2024 05:25:14 
[2024-05-28 17:25:14 : INFO] - Re_Smush_It_Task with attachment ID : 6509, autocreated on : May 28, 2024 05:25:14 
[2024-05-28 17:25:15 : INFO] - Re_Smush_It_Task with attachment ID : 6510, autocreated on : May 28, 2024 05:25:15 
[2024-05-28 17:25:15 : INFO] - Re_Smush_It_Task with attachment ID : 6511, autocreated on : May 28, 2024 05:25:15 
[2024-05-28 17:25:16 : INFO] - Re_Smush_It_Task with attachment ID : 6512, autocreated on : May 28, 2024 05:25:16 
[2024-05-28 17:25:16 : INFO] - Re_Smush_It_Task with attachment ID : 6513, autocreated on : May 28, 2024 05:25:16 
[2024-05-28 17:25:16 : INFO] - Re_Smush_It_Task with attachment ID : 6514, autocreated on : May 28, 2024 05:25:16 
[2024-05-28 17:26:13 : INFO] - Re_Smush_It_Task server status: Online 
[2024-05-28 17:26:13 : INFO] - A total of 46 tasks of type smush found and will be processed in this iteration 
[2024-05-28 17:26:13 : DEBUG] - Lock option (updraft_lock_smush, wp_options) was created in the database 
[2024-05-28 17:26:13 : INFO] - Lock (updraft_lock_smush, wp_options) acquired after initialising the database 
[2024-05-28 17:26:13 : INFO] - Processing task with ID : 88, and type 'smush' 
[2024-05-28 17:26:13 : INFO] - Task with ID 88 and type (smush) failed with error code invalid_file_path - The linked attachment ID does not have a valid file path 
[2024-05-28 17:26:13 : INFO] - Processing task with ID : 89, and type 'smush' 
[2024-05-28 17:26:13 : INFO] - Task with ID 89 and type (smush) failed with error code invalid_file_path - The linked attachment ID does not have a valid file path 
[2024-05-28 17:26:13 : INFO] - Processing task with ID : 90, and type 'smush' 
[2024-05-28 17:26:13 : INFO] - Task with ID 90 and type (smush) failed with error code invalid_file_path - The linked attachment ID does not have a valid file path 
[2024-05-28 17:26:13 : INFO] - Processing task with ID : 91, and type 'smush' 
[2024-05-28 17:26:13 : INFO] - Task with ID 91 and type (smush) failed with error code invalid_file_path - The linked attachment ID does not have a valid file path 
[2024-05-28 17:26:13 : INFO] - Processing task with ID : 92, and type 'smush' 
[2024-05-28 17:26:13 : INFO] - Task with ID 92 and type (smush) failed with error code invalid_file_path - The linked attachment ID does not have a valid file path 
[2024-05-28 17:26:13 : INFO] - Processing task with ID : 93, and type 'smush' 
[2024-05-28 17:26:13 : INFO] - Task with ID 93 and type (smush) failed with error code invalid_file_path - The linked attachment ID does not have a valid file path 
[2024-05-28 17:26:13 : INFO] - Processing task with ID : 94, and type 'smush' 
[2024-05-28 17:26:13 : INFO] - Task with ID 94 and type (smush) failed with error code invalid_file_path - The linked attachment ID does not have a valid file path 
[2024-05-28 17:26:13 : INFO] - Processing task with ID : 95, and type 'smush' 
[2024-05-28 17:26:13 : INFO] - Task with ID 95 and type (smush) failed with error code invalid_file_path - The linked attachment ID does not have a valid file path 
[2024-05-28 17:26:13 : INFO] - Processing task with ID : 96, and type 'smush' 
[2024-05-28 17:26:13 : INFO] - Task with ID 96 and type (smush) failed with error code invalid_file_path - The linked attachment ID does not have a valid file path 
[2024-05-28 17:26:13 : INFO] - Processing task with ID : 97, and type 'smush' 
[2024-05-28 17:26:13 : INFO] - Task with ID 97 and type (smush) failed with error code invalid_file_path - The linked attachment ID does not have a valid file path 
[2024-05-28 17:26:13 : INFO] - Processing task with ID : 98, and type 'smush' 
[2024-05-28 17:26:13 : INFO] - Task with ID 98 and type (smush) failed with error code invalid_file_path - The linked attachment ID does not have a valid file path 
[2024-05-28 17:26:13 : INFO] - Processing task with ID : 99, and type 'smush' 
[2024-05-28 17:26:13 : INFO] - Task with ID 99 and type (smush) failed with error code invalid_file_path - The linked attachment ID does not have a valid file path 
[2024-05-28 17:26:13 : INFO] - Processing task with ID : 100, and type 'smush' 
[2024-05-28 17:26:13 : INFO] - Task with ID 100 and type (smush) failed with error code invalid_file_path - The linked attachment ID does not have a valid file path 
[2024-05-28 17:26:13 : INFO] - Processing task with ID : 101, and type 'smush' 
[2024-05-28 17:26:13 : INFO] - Task with ID 101 and type (smush) failed with error code invalid_file_path - The linked attachment ID does not have a valid file path 
[2024-05-28 17:26:13 : INFO] - Processing task with ID : 102, and type 'smush' 
[2024-05-28 17:26:13 : INFO] - Task with ID 102 and type (smush) failed with error code invalid_file_path - The linked attachment ID does not have a valid file path 
[2024-05-28 17:26:13 : INFO] - Processing task with ID : 103, and type 'smush' 
[2024-05-28 17:26:13 : INFO] - Task with ID 103 and type (smush) failed with error code invalid_file_path - The linked attachment ID does not have a valid file path 
[2024-05-28 17:26:13 : INFO] - Processing task with ID : 104, and type 'smush' 
[2024-05-28 17:26:13 : INFO] - Task with ID 104 and type (smush) failed with error code invalid_file_path - The linked attachment ID does not have a valid file path 
[2024-05-28 17:26:13 : INFO] - Processing task with ID : 105, and type 'smush' 
[2024-05-28 17:26:13 : INFO] - Task with ID 105 and type (smush) failed with error code invalid_file_path - The linked attachment ID does not have a valid file path 
[2024-05-28 17:26:13 : INFO] - Processing task with ID : 106, and type 'smush' 
[2024-05-28 17:26:13 : INFO] - Task with ID 106 and type (smush) failed with error code invalid_file_path - The linked attachment ID does not have a valid file path 
[2024-05-28 17:26:13 : INFO] - Processing task with ID : 107, and type 'smush' 
[2024-05-28 17:26:13 : INFO] - Task with ID 107 and type (smush) failed with error code invalid_file_path - The linked attachment ID does not have a valid file path 
[2024-05-28 17:26:13 : INFO] - Processing task with ID : 108, and type 'smush' 
[2024-05-28 17:26:13 : INFO] - Task with ID 108 and type (smush) failed with error code invalid_file_path - The linked attachment ID does not have a valid file path 
[2024-05-28 17:26:13 : INFO] - Processing task with ID : 109, and type 'smush' 
[2024-05-28 17:26:13 : INFO] - Task with ID 109 and type (smush) failed with error code exceeded_max_filesize - /opt/bitnami/wordpress/wp-content/uploads/2024/05/newglobe-1.gif - cannot be optimized, file size is above service provider limit 
[2024-05-28 17:26:13 : INFO] - Processing task with ID : 110, and type 'smush' 
[2024-05-28 17:26:13 : INFO] - Re_Smush_It_Task with attachment ID : 6491, autocreated on : May 28, 2024 05:25:08 
[2024-05-28 17:26:13 : INFO] - File: 35_cSquare-Word-Cloud-Random-Layout.jpeg, Compression quality: 80 
[2024-05-28 17:26:16 : INFO] - Backing up the original image - 2024/05/35_cSquare-Word-Cloud-Random-Layout-updraft-pre-smush-original.jpeg 
[2024-05-28 17:26:18 : INFO] - Successfully optimized the image - /opt/bitnami/wordpress/wp-content/uploads/2024/05/35_cSquare-Word-Cloud-Random-Layout.jpeg.The file was compressed from 75.19 KB to 75.13 KB, saving 0.08 percent, using WP-Optimize 
[2024-05-28 17:26:18 : INFO] - Completed processing task with ID : 110, and type 'smush' 
[2024-05-28 17:26:18 : INFO] - Processing task with ID : 111, and type 'smush' 
[2024-05-28 17:26:18 : INFO] - Re_Smush_It_Task with attachment ID : 6492, autocreated on : May 28, 2024 05:25:08 
[2024-05-28 17:26:18 : INFO] - File: 35_Square-Word-Cloud-Random-Layout.jpeg, Compression quality: 80 
[2024-05-28 17:26:21 : INFO] - Backing up the original image - 2024/05/35_Square-Word-Cloud-Random-Layout-updraft-pre-smush-original.jpeg 
[2024-05-28 17:26:23 : INFO] - Successfully optimized the image - /opt/bitnami/wordpress/wp-content/uploads/2024/05/35_Square-Word-Cloud-Random-Layout.jpeg.The file was compressed from 78.42 KB to 78.42 KB, saving 0 percent, using WP-Optimize 
[2024-05-28 17:26:23 : INFO] - Completed processing task with ID : 111, and type 'smush' 
[2024-05-28 17:26:23 : INFO] - Processing task with ID : 112, and type 'smush' 
[2024-05-28 17:26:23 : INFO] - Re_Smush_It_Task with attachment ID : 6493, autocreated on : May 28, 2024 05:25:09 
[2024-05-28 17:26:23 : INFO] - File: Abia-1.jpg, Compression quality: 80 
[2024-05-28 17:26:27 : INFO] - Backing up the original image - 2024/05/Abia-1-updraft-pre-smush-original.jpg 
[2024-05-28 17:26:31 : INFO] - Successfully optimized the image - /opt/bitnami/wordpress/wp-content/uploads/2024/05/Abia-1.jpg.The file was compressed from 161.40 KB to 161.28 KB, saving 0.07 percent, using WP-Optimize 
[2024-05-28 17:26:31 : INFO] - Completed processing task with ID : 112, and type 'smush' 
[2024-05-28 17:26:31 : INFO] - Processing task with ID : 113, and type 'smush' 
[2024-05-28 17:26:31 : INFO] - Re_Smush_It_Task with attachment ID : 6494, autocreated on : May 28, 2024 05:25:09 
[2024-05-28 17:26:31 : INFO] - File: Abuja-1.jpg, Compression quality: 80 
[2024-05-28 17:26:34 : INFO] - Backing up the original image - 2024/05/Abuja-1-updraft-pre-smush-original.jpg 
[2024-05-28 17:26:39 : INFO] - Successfully optimized the image - /opt/bitnami/wordpress/wp-content/uploads/2024/05/Abuja-1.jpg.The file was compressed from 156.87 KB to 156.79 KB, saving 0.05 percent, using WP-Optimize 
[2024-05-28 17:26:39 : INFO] - Completed processing task with ID : 113, and type 'smush' 
[2024-05-28 17:26:39 : INFO] - Processing task with ID : 114, and type 'smush' 
[2024-05-28 17:26:39 : INFO] - Re_Smush_It_Task with attachment ID : 6495, autocreated on : May 28, 2024 05:25:10 
[2024-05-28 17:26:39 : INFO] - File: Anambra-Floodrisk-1.jpg, Compression quality: 80 
[2024-05-28 17:26:42 : INFO] - Backing up the original image - 2024/05/Anambra-Floodrisk-1-updraft-pre-smush-original.jpg 
[2024-05-28 17:26:47 : INFO] - Successfully optimized the image - /opt/bitnami/wordpress/wp-content/uploads/2024/05/Anambra-Floodrisk-1.jpg.The file was compressed from 166.64 KB to 166.33 KB, saving 0.18 percent, using WP-Optimize 
[2024-05-28 17:26:47 : INFO] - Completed processing task with ID : 114, and type 'smush' 
[2024-05-28 17:26:47 : INFO] - Processing task with ID : 115, and type 'smush' 
[2024-05-28 17:26:47 : INFO] - Re_Smush_It_Task with attachment ID : 6496, autocreated on : May 28, 2024 05:25:10 
[2024-05-28 17:26:47 : INFO] - File: Business-Improvement-1.jpg, Compression quality: 80 
[2024-05-28 17:26:49 : INFO] - Backing up the original image - 2024/05/Business-Improvement-1-updraft-pre-smush-original.jpg 
[2024-05-28 17:26:49 : INFO] - A total of 19 tasks of type smush found and will be processed in this iteration 
[2024-05-28 17:26:49 : DEBUG] - Lock option (updraft_lock_smush, wp_options) already existed in the database 
[2024-05-28 17:26:49 : INFO] - Lock (updraft_lock_smush, wp_options) could not be acquired (it is locked) 
[2024-05-28 17:26:49 : INFO] - Failed to gain semaphore lock (smush) - another process is already processing the queue - aborting (if this is wrong - i.e. if the other process crashed without removing the lock, then another can be started after 1 minute 
[2024-05-28 17:26:49 : INFO] - Cleaning up tasks of type (smush). A total of 5 tasks will be deleted. 
[2024-05-28 17:26:53 : INFO] - Successfully optimized the image - /opt/bitnami/wordpress/wp-content/uploads/2024/05/Business-Improvement-1.jpg.The file was compressed from 64.76 KB to 64.64 KB, saving 0.18 percent, using WP-Optimize 
[2024-05-28 17:26:53 : INFO] - Completed processing task with ID : 115, and type 'smush' 
[2024-05-28 17:26:53 : INFO] - Processing task with ID : 116, and type 'smush' 
[2024-05-28 17:26:53 : INFO] - Re_Smush_It_Task with attachment ID : 6497, autocreated on : May 28, 2024 05:25:10 
[2024-05-28 17:26:53 : INFO] - File: chuk3.jpg, Compression quality: 80 
[2024-05-28 17:26:54 : INFO] - Backing up the original image - 2024/05/chuk3-updraft-pre-smush-original.jpg 
[2024-05-28 17:26:56 : INFO] - Successfully optimized the image - /opt/bitnami/wordpress/wp-content/uploads/2024/05/chuk3.jpg.The file was compressed from 19.54 KB to 19.54 KB, saving 0 percent, using WP-Optimize 
[2024-05-28 17:26:56 : INFO] - Completed processing task with ID : 116, and type 'smush' 
[2024-05-28 17:26:56 : INFO] - Processing task with ID : 117, and type 'smush' 
[2024-05-28 17:26:56 : INFO] - Re_Smush_It_Task with attachment ID : 6498, autocreated on : May 28, 2024 05:25:11 
[2024-05-28 17:26:56 : INFO] - File: chuks2.jpg, Compression quality: 80 
[2024-05-28 17:26:59 : INFO] - Backing up the original image - 2024/05/chuks2-updraft-pre-smush-original.jpg 
[2024-05-28 17:27:06 : INFO] - Successfully optimized the image - /opt/bitnami/wordpress/wp-content/uploads/2024/05/chuks2.jpg.The file was compressed from 325.53 KB to 64.63 KB, saving 80.15 percent, using WP-Optimize 
[2024-05-28 17:27:06 : INFO] - Completed processing task with ID : 117, and type 'smush' 
[2024-05-28 17:27:06 : INFO] - Processing task with ID : 118, and type 'smush' 
[2024-05-28 17:27:06 : INFO] - Re_Smush_It_Task with attachment ID : 6499, autocreated on : May 28, 2024 05:25:11 
[2024-05-28 17:27:06 : INFO] - File: Culture-of-improvement.jpg, Compression quality: 80 
[2024-05-28 17:27:08 : INFO] - Backing up the original image - 2024/05/Culture-of-improvement-updraft-pre-smush-original.jpg 
[2024-05-28 17:27:12 : INFO] - Successfully optimized the image - /opt/bitnami/wordpress/wp-content/uploads/2024/05/Culture-of-improvement.jpg.The file was compressed from 54.35 KB to 54.35 KB, saving 0 percent, using WP-Optimize 
[2024-05-28 17:27:12 : INFO] - Completed processing task with ID : 118, and type 'smush' 
[2024-05-28 17:27:12 : INFO] - Processing task with ID : 119, and type 'smush' 
[2024-05-28 17:27:12 : INFO] - Re_Smush_It_Task with attachment ID : 6502, autocreated on : May 28, 2024 05:25:12 
[2024-05-28 17:27:12 : INFO] - File: Geospatial-E2E-V-chain-1.jpg, Compression quality: 80 
[2024-05-28 17:27:13 : INFO] - A total of 15 tasks of type smush found and will be processed in this iteration 
[2024-05-28 17:27:13 : DEBUG] - Lock option (updraft_lock_smush, wp_options) already existed in the database 
[2024-05-28 17:27:13 : INFO] - Lock (updraft_lock_smush, wp_options) could not be acquired (it is locked) 
[2024-05-28 17:27:13 : INFO] - Failed to gain semaphore lock (smush) - another process is already processing the queue - aborting (if this is wrong - i.e. if the other process crashed without removing the lock, then another can be started after 1 minute 
[2024-05-28 17:27:13 : INFO] - Cleaning up tasks of type (smush). A total of 4 tasks will be deleted. 
[2024-05-28 17:27:14 : INFO] - Backing up the original image - 2024/05/Geospatial-E2E-V-chain-1-updraft-pre-smush-original.jpg 
[2024-05-28 17:27:18 : INFO] - Successfully optimized the image - /opt/bitnami/wordpress/wp-content/uploads/2024/05/Geospatial-E2E-V-chain-1.jpg.The file was compressed from 89.76 KB to 89.66 KB, saving 0.11 percent, using WP-Optimize 
[2024-05-28 17:27:18 : INFO] - Completed processing task with ID : 119, and type 'smush' 
[2024-05-28 17:27:18 : INFO] - Processing task with ID : 120, and type 'smush' 
[2024-05-28 17:27:18 : INFO] - Re_Smush_It_Task with attachment ID : 6503, autocreated on : May 28, 2024 05:25:12 
[2024-05-28 17:27:18 : INFO] - File: home-61-2-12.jpg, Compression quality: 80 
[2024-05-28 17:27:22 : INFO] - Backing up the original image - 2024/05/home-61-2-12-updraft-pre-smush-original.jpg 
[2024-05-28 17:27:30 : INFO] - Successfully optimized the image - /opt/bitnami/wordpress/wp-content/uploads/2024/05/home-61-2-12.jpg.The file was compressed from 155.70 KB to 140.28 KB, saving 9.9 percent, using WP-Optimize 
[2024-05-28 17:27:30 : INFO] - Completed processing task with ID : 120, and type 'smush' 
[2024-05-28 17:27:30 : INFO] - Processing task with ID : 121, and type 'smush' 
[2024-05-28 17:27:30 : INFO] - Re_Smush_It_Task with attachment ID : 6504, autocreated on : May 28, 2024 05:25:13 
[2024-05-28 17:27:30 : INFO] - File: humanhead.png, Compression quality: 80 
[2024-05-28 17:27:31 : INFO] - Backing up the original image - 2024/05/humanhead-updraft-pre-smush-original.png 
[2024-05-28 17:27:33 : INFO] - Successfully optimized the image - /opt/bitnami/wordpress/wp-content/uploads/2024/05/humanhead.png.The file was compressed from 5.27 KB to 2.77 KB, saving 47.42 percent, using WP-Optimize 
[2024-05-28 17:27:33 : INFO] - Completed processing task with ID : 121, and type 'smush' 
[2024-05-28 17:27:33 : INFO] - Processing task with ID : 122, and type 'smush' 
[2024-05-28 17:27:33 : INFO] - Re_Smush_It_Task with attachment ID : 6505, autocreated on : May 28, 2024 05:25:13 
[2024-05-28 17:27:33 : INFO] - File: Imo-1.jpg, Compression quality: 80 
[2024-05-28 17:27:36 : INFO] - Backing up the original image - 2024/05/Imo-1-updraft-pre-smush-original.jpg 
[2024-05-28 17:27:40 : INFO] - Successfully optimized the image - /opt/bitnami/wordpress/wp-content/uploads/2024/05/Imo-1.jpg.The file was compressed from 148.39 KB to 148.29 KB, saving 0.07 percent, using WP-Optimize 
[2024-05-28 17:27:40 : INFO] - Completed processing task with ID : 122, and type 'smush' 
[2024-05-28 17:27:40 : INFO] - Processing task with ID : 123, and type 'smush' 
[2024-05-28 17:27:40 : INFO] - Re_Smush_It_Task with attachment ID : 6506, autocreated on : May 28, 2024 05:25:13 
[2024-05-28 17:27:40 : INFO] - File: Imo-Floodrisk-1.jpg, Compression quality: 80 
[2024-05-28 17:27:43 : INFO] - Backing up the original image - 2024/05/Imo-Floodrisk-1-updraft-pre-smush-original.jpg 
[2024-05-28 17:27:48 : INFO] - Successfully optimized the image - /opt/bitnami/wordpress/wp-content/uploads/2024/05/Imo-Floodrisk-1.jpg.The file was compressed from 124.47 KB to 124.44 KB, saving 0.02 percent, using WP-Optimize 
[2024-05-28 17:27:48 : INFO] - Completed processing task with ID : 123, and type 'smush' 
[2024-05-28 17:27:48 : INFO] - Processing task with ID : 124, and type 'smush' 
[2024-05-28 17:27:48 : INFO] - Re_Smush_It_Task with attachment ID : 6507, autocreated on : May 28, 2024 05:25:14 
[2024-05-28 17:27:48 : INFO] - File: Imo-hydrograph-1.jpg, Compression quality: 80 
[2024-05-28 17:27:55 : INFO] - Backing up the original image - 2024/05/Imo-hydrograph-1-updraft-pre-smush-original.jpg 
[2024-05-28 17:27:59 : INFO] - Successfully optimized the image - /opt/bitnami/wordpress/wp-content/uploads/2024/05/Imo-hydrograph-1.jpg.The file was compressed from 114.41 KB to 114.17 KB, saving 0.21 percent, using WP-Optimize 
[2024-05-28 17:27:59 : INFO] - Completed processing task with ID : 124, and type 'smush' 
[2024-05-28 17:27:59 : INFO] - Processing task with ID : 125, and type 'smush' 
[2024-05-28 17:27:59 : INFO] - Re_Smush_It_Task with attachment ID : 6508, autocreated on : May 28, 2024 05:25:14 
[2024-05-28 17:27:59 : INFO] - File: Isochrones-1.jpg, Compression quality: 80 
[2024-05-28 17:28:02 : INFO] - Backing up the original image - 2024/05/Isochrones-1-updraft-pre-smush-original.jpg 
[2024-05-28 17:28:07 : INFO] - Successfully optimized the image - /opt/bitnami/wordpress/wp-content/uploads/2024/05/Isochrones-1.jpg.The file was compressed from 174.45 KB to 174.06 KB, saving 0.23 percent, using WP-Optimize 
[2024-05-28 17:28:07 : INFO] - Completed processing task with ID : 125, and type 'smush' 
[2024-05-28 17:28:07 : INFO] - Processing task with ID : 126, and type 'smush' 
[2024-05-28 17:28:07 : INFO] - Re_Smush_It_Task with attachment ID : 6509, autocreated on : May 28, 2024 05:25:14 
[2024-05-28 17:28:07 : INFO] - File: Kaduna-1.jpg, Compression quality: 80 
[2024-05-28 17:28:09 : INFO] - Backing up the original image - 2024/05/Kaduna-1-updraft-pre-smush-original.jpg 
[2024-05-28 17:28:13 : INFO] - A total of 8 tasks of type smush found and will be processed in this iteration 
[2024-05-28 17:28:13 : DEBUG] - Lock option (updraft_lock_smush, wp_options) already existed in the database 
[2024-05-28 17:28:13 : INFO] - Lock (updraft_lock_smush, wp_options) could not be acquired (it is locked) 
[2024-05-28 17:28:13 : INFO] - Failed to gain semaphore lock (smush) - another process is already processing the queue - aborting (if this is wrong - i.e. if the other process crashed without removing the lock, then another can be started after 1 minute 
[2024-05-28 17:28:13 : INFO] - Cleaning up tasks of type (smush). A total of 7 tasks will be deleted. 
[2024-05-28 17:28:15 : INFO] - Successfully optimized the image - /opt/bitnami/wordpress/wp-content/uploads/2024/05/Kaduna-1.jpg.The file was compressed from 149.32 KB to 149.22 KB, saving 0.07 percent, using WP-Optimize 
[2024-05-28 17:28:15 : INFO] - Completed processing task with ID : 126, and type 'smush' 
[2024-05-28 17:28:15 : INFO] - Processing task with ID : 127, and type 'smush' 
[2024-05-28 17:28:15 : INFO] - Re_Smush_It_Task with attachment ID : 6510, autocreated on : May 28, 2024 05:25:15 
[2024-05-28 17:28:15 : INFO] - File: Kaizen-1.jpg, Compression quality: 80 
[2024-05-28 17:28:19 : INFO] - Backing up the original image - 2024/05/Kaizen-1-updraft-pre-smush-original.jpg 
[2024-05-28 17:28:25 : INFO] - Successfully optimized the image - /opt/bitnami/wordpress/wp-content/uploads/2024/05/Kaizen-1.jpg.The file was compressed from 94.73 KB to 94.51 KB, saving 0.24 percent, using WP-Optimize 
[2024-05-28 17:28:25 : INFO] - Completed processing task with ID : 127, and type 'smush' 
[2024-05-28 17:28:25 : INFO] - Processing task with ID : 128, and type 'smush' 
[2024-05-28 17:28:25 : INFO] - Re_Smush_It_Task with attachment ID : 6511, autocreated on : May 28, 2024 05:25:15 
[2024-05-28 17:28:25 : INFO] - File: Lagos.jpg, Compression quality: 80 
[2024-05-28 17:28:29 : INFO] - Backing up the original image - 2024/05/Lagos-updraft-pre-smush-original.jpg 
[2024-05-28 17:28:33 : INFO] - Successfully optimized the image - /opt/bitnami/wordpress/wp-content/uploads/2024/05/Lagos.jpg.The file was compressed from 173.28 KB to 173.19 KB, saving 0.05 percent, using WP-Optimize 
[2024-05-28 17:28:33 : INFO] - Completed processing task with ID : 128, and type 'smush' 
[2024-05-28 17:28:33 : INFO] - Processing task with ID : 129, and type 'smush' 
[2024-05-28 17:28:33 : INFO] - Re_Smush_It_Task with attachment ID : 6512, autocreated on : May 28, 2024 05:25:16 
[2024-05-28 17:28:33 : INFO] - File: Lean-Principles.jpg, Compression quality: 80 
[2024-05-28 17:28:36 : INFO] - Backing up the original image - 2024/05/Lean-Principles-updraft-pre-smush-original.jpg 
[2024-05-28 17:28:40 : INFO] - Successfully optimized the image - /opt/bitnami/wordpress/wp-content/uploads/2024/05/Lean-Principles.jpg.The file was compressed from 85.25 KB to 85.08 KB, saving 0.21 percent, using WP-Optimize 
[2024-05-28 17:28:40 : INFO] - Completed processing task with ID : 129, and type 'smush' 
[2024-05-28 17:28:40 : INFO] - Processing task with ID : 130, and type 'smush' 
[2024-05-28 17:28:40 : INFO] - Re_Smush_It_Task with attachment ID : 6513, autocreated on : May 28, 2024 05:25:16 
[2024-05-28 17:28:40 : INFO] - File: Map-the-process.jpg, Compression quality: 80 
[2024-05-28 17:28:43 : INFO] - Backing up the original image - 2024/05/Map-the-process-updraft-pre-smush-original.jpg 
[2024-05-28 17:28:50 : INFO] - Successfully optimized the image - /opt/bitnami/wordpress/wp-content/uploads/2024/05/Map-the-process.jpg.The file was compressed from 56.72 KB to 56.71 KB, saving 0.02 percent, using WP-Optimize 
[2024-05-28 17:28:50 : INFO] - Completed processing task with ID : 130, and type 'smush' 
[2024-05-28 17:28:50 : INFO] - Processing task with ID : 131, and type 'smush' 
[2024-05-28 17:28:50 : INFO] - Task with ID 131 and type (smush) failed with error code exceeded_max_filesize - /opt/bitnami/wordpress/wp-content/uploads/2024/05/newglobe-1-1.gif - cannot be optimized, file size is above service provider limit 
[2024-05-28 17:28:50 : INFO] - Processing task with ID : 132, and type 'smush' 
[2024-05-28 17:28:50 : INFO] - Re_Smush_It_Task - Attachment ID : 4344, Started on : May 28, 2024 05:26:13 
[2024-05-28 17:28:50 : INFO] - File: home-61-2-12.jpg, Compression quality: 92 
[2024-05-28 17:28:54 : INFO] - Backing up the original image - 2023/07/home-61-2-12-updraft-pre-smush-original.jpg 
[2024-05-28 17:28:54 : INFO] - Successfully optimized the image - /opt/bitnami/wordpress/wp-content/uploads/2023/07/home-61-2-12.jpg.The file was compressed from 155.70 KB to 151.18 KB, saving 2.9 percent, using WP-Optimize 
[2024-05-28 17:28:54 : INFO] - Completed processing task with ID : 132, and type 'smush' 
[2024-05-28 17:28:54 : INFO] - Processing task with ID : 133, and type 'smush' 
[2024-05-28 17:28:54 : INFO] - Task with ID 133 and type (smush) failed with error code exceeded_max_filesize - /opt/bitnami/wordpress/wp-content/uploads/2023/07/newglobe-1.gif - cannot be optimized, file size is above service provider limit 
[2024-05-28 17:28:54 : INFO] - Lock option (updraft_lock_smush, wp_options) released 
[2024-05-28 17:28:54 : INFO] - Successfully processed the queue (smush). 46 tasks were processed out of 46. 
[2024-05-28 17:28:54 : INFO] - Lock option (updraft_lock_smush, wp_options) was deleted from the database 
[2024-05-28 17:28:54 : INFO] - Cleaning up tasks of type (smush). A total of 6 tasks will be deleted. 
[2024-05-28 17:38:15 : INFO] - Re_Smush_It_Task with attachment ID : 6527, autocreated on : May 28, 2024 05:38:15 
[2024-05-28 17:38:15 : INFO] - Re_Smush_It_Task with attachment ID : 6528, autocreated on : May 28, 2024 05:38:15 
[2024-05-28 17:38:16 : INFO] - Re_Smush_It_Task with attachment ID : 6529, autocreated on : May 28, 2024 05:38:16 
[2024-05-28 17:43:15 : INFO] - A total of 3 tasks of type smush found and will be processed in this iteration 
[2024-05-28 17:43:15 : DEBUG] - Lock option (updraft_lock_smush, wp_options) was created in the database 
[2024-05-28 17:43:15 : INFO] - Lock (updraft_lock_smush, wp_options) acquired after initialising the database 
[2024-05-28 17:43:15 : INFO] - Processing task with ID : 134, and type 'smush' 
[2024-05-28 17:43:15 : INFO] - Re_Smush_It_Task with attachment ID : 6527, autocreated on : May 28, 2024 05:38:15 
[2024-05-28 17:43:15 : INFO] - File: OD-Matrix.jpg, Compression quality: 92 
[2024-05-28 17:43:18 : INFO] - Backing up the original image - 2024/05/OD-Matrix-updraft-pre-smush-original.jpg 
[2024-05-28 17:43:23 : INFO] - Successfully optimized the image - /opt/bitnami/wordpress/wp-content/uploads/2024/05/OD-Matrix.jpg.The file was compressed from 207.16 KB to 207.16 KB, saving 0 percent, using WP-Optimize 
[2024-05-28 17:43:23 : INFO] - Completed processing task with ID : 134, and type 'smush' 
[2024-05-28 17:43:23 : INFO] - Processing task with ID : 135, and type 'smush' 
[2024-05-28 17:43:23 : INFO] - Re_Smush_It_Task with attachment ID : 6528, autocreated on : May 28, 2024 05:38:15 
[2024-05-28 17:43:23 : INFO] - File: servicearea1.jpg, Compression quality: 92 
[2024-05-28 17:43:27 : INFO] - Backing up the original image - 2024/05/servicearea1-updraft-pre-smush-original.jpg 
[2024-05-28 17:43:32 : INFO] - Successfully optimized the image - /opt/bitnami/wordpress/wp-content/uploads/2024/05/servicearea1.jpg.The file was compressed from 228.00 KB to 228.00 KB, saving 0 percent, using WP-Optimize 
[2024-05-28 17:43:32 : INFO] - Completed processing task with ID : 135, and type 'smush' 
[2024-05-28 17:43:32 : INFO] - Processing task with ID : 136, and type 'smush' 
[2024-05-28 17:43:32 : INFO] - Re_Smush_It_Task with attachment ID : 6529, autocreated on : May 28, 2024 05:38:16 
[2024-05-28 17:43:32 : INFO] - File: Shortest-path-1.jpg, Compression quality: 92 
[2024-05-28 17:43:35 : INFO] - Backing up the original image - 2024/05/Shortest-path-1-updraft-pre-smush-original.jpg 
[2024-05-28 17:43:40 : INFO] - Successfully optimized the image - /opt/bitnami/wordpress/wp-content/uploads/2024/05/Shortest-path-1.jpg.The file was compressed from 202.53 KB to 202.53 KB, saving 0 percent, using WP-Optimize 
[2024-05-28 17:43:40 : INFO] - Completed processing task with ID : 136, and type 'smush' 
[2024-05-28 17:43:40 : INFO] - Lock option (updraft_lock_smush, wp_options) released 
[2024-05-28 17:43:40 : INFO] - Successfully processed the queue (smush). 3 tasks were processed out of 3. 
[2024-05-28 17:43:40 : INFO] - Lock option (updraft_lock_smush, wp_options) was deleted from the database 
[2024-05-28 17:43:40 : INFO] - Cleaning up tasks of type (smush). A total of 3 tasks will be deleted. 
[2024-05-28 17:43:58 : INFO] - Re_Smush_It_Task with attachment ID : 6531, autocreated on : May 28, 2024 05:43:58 
[2024-05-28 17:53:15 : INFO] - A total of 1 tasks of type smush found and will be processed in this iteration 
[2024-05-28 17:53:15 : DEBUG] - Lock option (updraft_lock_smush, wp_options) was created in the database 
[2024-05-28 17:53:15 : INFO] - Lock (updraft_lock_smush, wp_options) acquired after initialising the database 
[2024-05-28 17:53:15 : INFO] - Processing task with ID : 137, and type 'smush' 
[2024-05-28 17:53:15 : INFO] - Re_Smush_It_Task with attachment ID : 6531, autocreated on : May 28, 2024 05:43:58 
[2024-05-28 17:53:15 : INFO] - File: Sustain-1.jpg, Compression quality: 92 
[2024-05-28 17:53:18 : INFO] - Backing up the original image - 2024/05/Sustain-1-updraft-pre-smush-original.jpg 
[2024-05-28 17:53:23 : INFO] - Successfully optimized the image - /opt/bitnami/wordpress/wp-content/uploads/2024/05/Sustain-1.jpg.The file was compressed from 77.05 KB to 77.05 KB, saving 0 percent, using WP-Optimize 
[2024-05-28 17:53:23 : INFO] - Completed processing task with ID : 137, and type 'smush' 
[2024-05-28 17:53:23 : INFO] - Lock option (updraft_lock_smush, wp_options) released 
[2024-05-28 17:53:23 : INFO] - Successfully processed the queue (smush). 1 tasks were processed out of 1. 
[2024-05-28 17:53:23 : INFO] - Lock option (updraft_lock_smush, wp_options) was deleted from the database 
[2024-05-28 17:53:23 : INFO] - Cleaning up tasks of type (smush). A total of 1 tasks will be deleted. 
[2024-05-28 18:00:15 : INFO] - Re_Smush_It_Task with attachment ID : 6544, autocreated on : May 28, 2024 06:00:15 
[2024-05-28 18:00:15 : INFO] - Re_Smush_It_Task with attachment ID : 6545, autocreated on : May 28, 2024 06:00:15 
[2024-05-28 18:02:59 : INFO] - Re_Smush_It_Task with attachment ID : 6546, autocreated on : May 28, 2024 06:02:59 
[2024-05-28 18:03:17 : INFO] - A total of 3 tasks of type smush found and will be processed in this iteration 
[2024-05-28 18:03:17 : DEBUG] - Lock option (updraft_lock_smush, wp_options) was created in the database 
[2024-05-28 18:03:17 : INFO] - Lock (updraft_lock_smush, wp_options) acquired after initialising the database 
[2024-05-28 18:03:17 : INFO] - Processing task with ID : 138, and type 'smush' 
[2024-05-28 18:03:17 : INFO] - Re_Smush_It_Task with attachment ID : 6544, autocreated on : May 28, 2024 06:00:15 
[2024-05-28 18:03:17 : INFO] - File: Screenshot-2022-10-26-222851_cileanwhite.png, Compression quality: 92 
[2024-05-28 18:03:19 : INFO] - Backing up the original image - 2024/05/Screenshot-2022-10-26-222851_cileanwhite-updraft-pre-smush-original.png 
[2024-05-28 18:03:24 : INFO] - Successfully optimized the image - /opt/bitnami/wordpress/wp-content/uploads/2024/05/Screenshot-2022-10-26-222851_cileanwhite.png.The file was compressed from 104.50 KB to 36.06 KB, saving 65.5 percent, using WP-Optimize 
[2024-05-28 18:03:24 : INFO] - Completed processing task with ID : 138, and type 'smush' 
[2024-05-28 18:03:24 : INFO] - Processing task with ID : 139, and type 'smush' 
[2024-05-28 18:03:24 : INFO] - Re_Smush_It_Task with attachment ID : 6545, autocreated on : May 28, 2024 06:00:15 
[2024-05-28 18:03:24 : INFO] - File: Screenshot-2022-11-01-132933_CI_WHITE_3.png, Compression quality: 92 
[2024-05-28 18:03:27 : INFO] - Backing up the original image - 2024/05/Screenshot-2022-11-01-132933_CI_WHITE_3-updraft-pre-smush-original.png 
[2024-05-28 18:03:34 : INFO] - Successfully optimized the image - /opt/bitnami/wordpress/wp-content/uploads/2024/05/Screenshot-2022-11-01-132933_CI_WHITE_3.png.The file was compressed from 158.94 KB to 63.78 KB, saving 59.87 percent, using WP-Optimize 
[2024-05-28 18:03:34 : INFO] - Completed processing task with ID : 139, and type 'smush' 
[2024-05-28 18:03:34 : INFO] - Processing task with ID : 140, and type 'smush' 
[2024-05-28 18:03:34 : INFO] - Task with ID 140 and type (smush) failed with error code invalid_file_path - The linked attachment ID does not have a valid file path 
[2024-05-28 18:03:34 : INFO] - Lock option (updraft_lock_smush, wp_options) released 
[2024-05-28 18:03:34 : INFO] - Successfully processed the queue (smush). 3 tasks were processed out of 3. 
[2024-05-28 18:03:34 : INFO] - Lock option (updraft_lock_smush, wp_options) was deleted from the database 
[2024-05-28 18:03:34 : INFO] - Cleaning up tasks of type (smush). A total of 2 tasks will be deleted. 
[2024-05-28 18:24:06 : INFO] - Re_Smush_It_Task with attachment ID : 6556, autocreated on : May 28, 2024 06:24:06 
[2024-05-28 18:24:06 : INFO] - Re_Smush_It_Task with attachment ID : 6557, autocreated on : May 28, 2024 06:24:06 
[2024-05-28 18:24:06 : INFO] - Re_Smush_It_Task with attachment ID : 6558, autocreated on : May 28, 2024 06:24:06 
[2024-05-28 18:24:07 : INFO] - Re_Smush_It_Task with attachment ID : 6559, autocreated on : May 28, 2024 06:24:07 
[2024-05-28 18:24:07 : INFO] - Re_Smush_It_Task with attachment ID : 6560, autocreated on : May 28, 2024 06:24:07 
[2024-05-28 18:24:08 : INFO] - Re_Smush_It_Task with attachment ID : 6561, autocreated on : May 28, 2024 06:24:08 
[2024-05-28 18:24:08 : INFO] - Re_Smush_It_Task with attachment ID : 6562, autocreated on : May 28, 2024 06:24:08 
[2024-05-28 18:24:09 : INFO] - Re_Smush_It_Task with attachment ID : 6563, autocreated on : May 28, 2024 06:24:09 
[2024-05-28 18:24:09 : INFO] - Re_Smush_It_Task with attachment ID : 6564, autocreated on : May 28, 2024 06:24:09 
[2024-05-28 18:37:03 : INFO] - A total of 9 tasks of type smush found and will be processed in this iteration 
[2024-05-28 18:37:03 : DEBUG] - Lock option (updraft_lock_smush, wp_options) was created in the database 
[2024-05-28 18:37:03 : INFO] - Lock (updraft_lock_smush, wp_options) acquired after initialising the database 
[2024-05-28 18:37:03 : INFO] - Processing task with ID : 141, and type 'smush' 
[2024-05-28 18:37:03 : INFO] - Re_Smush_It_Task with attachment ID : 6556, autocreated on : May 28, 2024 06:24:06 
[2024-05-28 18:37:03 : INFO] - File: 5WHY.jpg, Compression quality: 92 
[2024-05-28 18:37:07 : INFO] - Backing up the original image - 2024/05/5WHY-updraft-pre-smush-original.jpg 
[2024-05-28 18:37:13 : INFO] - Successfully optimized the image - /opt/bitnami/wordpress/wp-content/uploads/2024/05/5WHY.jpg.The file was compressed from 49.80 KB to 44.17 KB, saving 11.31 percent, using WP-Optimize 
[2024-05-28 18:37:13 : INFO] - Completed processing task with ID : 141, and type 'smush' 
[2024-05-28 18:37:13 : INFO] - Processing task with ID : 142, and type 'smush' 
[2024-05-28 18:37:13 : INFO] - Re_Smush_It_Task with attachment ID : 6557, autocreated on : May 28, 2024 06:24:06 
[2024-05-28 18:37:13 : INFO] - File: DivergConverg.jpg, Compression quality: 92 
[2024-05-28 18:37:16 : INFO] - Backing up the original image - 2024/05/DivergConverg-updraft-pre-smush-original.jpg 
[2024-05-28 18:37:19 : INFO] - Successfully optimized the image - /opt/bitnami/wordpress/wp-content/uploads/2024/05/DivergConverg.jpg.The file was compressed from 68.00 KB to 60.64 KB, saving 10.82 percent, using WP-Optimize 
[2024-05-28 18:37:19 : INFO] - Completed processing task with ID : 142, and type 'smush' 
[2024-05-28 18:37:19 : INFO] - Processing task with ID : 143, and type 'smush' 
[2024-05-28 18:37:19 : INFO] - Re_Smush_It_Task with attachment ID : 6558, autocreated on : May 28, 2024 06:24:06 
[2024-05-28 18:37:19 : INFO] - File: FISHBONE.jpg, Compression quality: 92 
[2024-05-28 18:37:23 : INFO] - Backing up the original image - 2024/05/FISHBONE-updraft-pre-smush-original.jpg 
[2024-05-28 18:37:26 : INFO] - Successfully optimized the image - /opt/bitnami/wordpress/wp-content/uploads/2024/05/FISHBONE.jpg.The file was compressed from 51.01 KB to 43.42 KB, saving 14.88 percent, using WP-Optimize 
[2024-05-28 18:37:26 : INFO] - Completed processing task with ID : 143, and type 'smush' 
[2024-05-28 18:37:26 : INFO] - Processing task with ID : 144, and type 'smush' 
[2024-05-28 18:37:26 : INFO] - Re_Smush_It_Task with attachment ID : 6559, autocreated on : May 28, 2024 06:24:07 
[2024-05-28 18:37:26 : INFO] - File: GSE2E.jpg, Compression quality: 92 
[2024-05-28 18:37:28 : INFO] - Backing up the original image - 2024/05/GSE2E-updraft-pre-smush-original.jpg 
[2024-05-28 18:37:31 : INFO] - Successfully optimized the image - /opt/bitnami/wordpress/wp-content/uploads/2024/05/GSE2E.jpg.The file was compressed from 75.78 KB to 68.31 KB, saving 9.86 percent, using WP-Optimize 
[2024-05-28 18:37:31 : INFO] - Completed processing task with ID : 144, and type 'smush' 
[2024-05-28 18:37:31 : INFO] - Processing task with ID : 145, and type 'smush' 
[2024-05-28 18:37:31 : INFO] - Re_Smush_It_Task with attachment ID : 6560, autocreated on : May 28, 2024 06:24:07 
[2024-05-28 18:37:31 : INFO] - File: GSQUESTIONS.jpg, Compression quality: 92 
[2024-05-28 18:37:33 : INFO] - Backing up the original image - 2024/05/GSQUESTIONS-updraft-pre-smush-original.jpg 
[2024-05-28 18:37:36 : INFO] - Successfully optimized the image - /opt/bitnami/wordpress/wp-content/uploads/2024/05/GSQUESTIONS.jpg.The file was compressed from 67.50 KB to 59.54 KB, saving 11.79 percent, using WP-Optimize 
[2024-05-28 18:37:36 : INFO] - Completed processing task with ID : 145, and type 'smush' 
[2024-05-28 18:37:36 : INFO] - Processing task with ID : 146, and type 'smush' 
[2024-05-28 18:37:36 : INFO] - Re_Smush_It_Task with attachment ID : 6561, autocreated on : May 28, 2024 06:24:08 
[2024-05-28 18:37:36 : INFO] - File: Problem-Solving.jpg, Compression quality: 92 
[2024-05-28 18:37:38 : INFO] - Backing up the original image - 2024/05/Problem-Solving-updraft-pre-smush-original.jpg 
[2024-05-28 18:37:42 : INFO] - Successfully optimized the image - /opt/bitnami/wordpress/wp-content/uploads/2024/05/Problem-Solving.jpg.The file was compressed from 85.16 KB to 85.16 KB, saving 0 percent, using WP-Optimize 
[2024-05-28 18:37:42 : INFO] - Completed processing task with ID : 146, and type 'smush' 
[2024-05-28 18:37:42 : INFO] - Processing task with ID : 147, and type 'smush' 
[2024-05-28 18:37:42 : INFO] - Re_Smush_It_Task with attachment ID : 6562, autocreated on : May 28, 2024 06:24:08 
[2024-05-28 18:37:42 : INFO] - File: SIPOC.jpg, Compression quality: 92 
[2024-05-28 18:37:44 : INFO] - Backing up the original image - 2024/05/SIPOC-updraft-pre-smush-original.jpg 
[2024-05-28 18:37:47 : INFO] - Successfully optimized the image - /opt/bitnami/wordpress/wp-content/uploads/2024/05/SIPOC.jpg.The file was compressed from 68.45 KB to 60.94 KB, saving 10.97 percent, using WP-Optimize 
[2024-05-28 18:37:47 : INFO] - Completed processing task with ID : 147, and type 'smush' 
[2024-05-28 18:37:47 : INFO] - Processing task with ID : 148, and type 'smush' 
[2024-05-28 18:37:47 : INFO] - Re_Smush_It_Task with attachment ID : 6563, autocreated on : May 28, 2024 06:24:09 
[2024-05-28 18:37:47 : INFO] - File: Sustain-1-1.jpg, Compression quality: 92 
[2024-05-28 18:37:49 : INFO] - Backing up the original image - 2024/05/Sustain-1-1-updraft-pre-smush-original.jpg 
[2024-05-28 18:37:53 : INFO] - Successfully optimized the image - /opt/bitnami/wordpress/wp-content/uploads/2024/05/Sustain-1-1.jpg.The file was compressed from 77.05 KB to 77.05 KB, saving 0 percent, using WP-Optimize 
[2024-05-28 18:37:53 : INFO] - Completed processing task with ID : 148, and type 'smush' 
[2024-05-28 18:37:53 : INFO] - Processing task with ID : 149, and type 'smush' 
[2024-05-28 18:37:53 : INFO] - Re_Smush_It_Task with attachment ID : 6564, autocreated on : May 28, 2024 06:24:09 
[2024-05-28 18:37:53 : INFO] - File: vsm.jpg, Compression quality: 92 
[2024-05-28 18:37:54 : INFO] - Backing up the original image - 2024/05/vsm-updraft-pre-smush-original.jpg 
[2024-05-28 18:37:58 : INFO] - Successfully optimized the image - /opt/bitnami/wordpress/wp-content/uploads/2024/05/vsm.jpg.The file was compressed from 80.15 KB to 71.20 KB, saving 11.17 percent, using WP-Optimize 
[2024-05-28 18:37:58 : INFO] - Completed processing task with ID : 149, and type 'smush' 
[2024-05-28 18:37:58 : INFO] - Lock option (updraft_lock_smush, wp_options) released 
[2024-05-28 18:37:58 : INFO] - Successfully processed the queue (smush). 9 tasks were processed out of 9. 
[2024-05-28 18:37:58 : INFO] - Lock option (updraft_lock_smush, wp_options) was deleted from the database 
[2024-05-28 18:37:58 : INFO] - Cleaning up tasks of type (smush). A total of 9 tasks will be deleted. 
[2024-05-28 18:45:06 : INFO] - Re_Smush_It_Task with attachment ID : 6566, autocreated on : May 28, 2024 06:45:06 
[2024-05-28 18:47:04 : INFO] - A total of 1 tasks of type smush found and will be processed in this iteration 
[2024-05-28 18:47:04 : DEBUG] - Lock option (updraft_lock_smush, wp_options) was created in the database 
[2024-05-28 18:47:04 : INFO] - Lock (updraft_lock_smush, wp_options) acquired after initialising the database 
[2024-05-28 18:47:04 : INFO] - Processing task with ID : 150, and type 'smush' 
[2024-05-28 18:47:04 : INFO] - Re_Smush_It_Task with attachment ID : 6566, autocreated on : May 28, 2024 06:45:06 
[2024-05-28 18:47:04 : INFO] - File: vsm2.jpg, Compression quality: 92 
[2024-05-28 18:47:06 : INFO] - Backing up the original image - 2024/05/vsm2-updraft-pre-smush-original.jpg 
[2024-05-28 18:47:10 : INFO] - Successfully optimized the image - /opt/bitnami/wordpress/wp-content/uploads/2024/05/vsm2.jpg.The file was compressed from 67.83 KB to 59.62 KB, saving 12.1 percent, using WP-Optimize 
[2024-05-28 18:47:10 : INFO] - Completed processing task with ID : 150, and type 'smush' 
[2024-05-28 18:47:10 : INFO] - Lock option (updraft_lock_smush, wp_options) released 
[2024-05-28 18:47:10 : INFO] - Successfully processed the queue (smush). 1 tasks were processed out of 1. 
[2024-05-28 18:47:10 : INFO] - Lock option (updraft_lock_smush, wp_options) was deleted from the database 
[2024-05-28 18:47:10 : INFO] - Cleaning up tasks of type (smush). A total of 1 tasks will be deleted. 
[2024-05-28 19:30:37 : INFO] - Pruning the smush log file 
[2024-05-29 15:08:54 : INFO] - Re_Smush_It_Task with attachment ID : 6585, autocreated on : May 29, 2024 03:08:54 
[2024-05-29 15:14:34 : INFO] - A total of 1 tasks of type smush found and will be processed in this iteration 
[2024-05-29 15:14:34 : DEBUG] - Lock option (updraft_lock_smush, wp_options) was created in the database 
[2024-05-29 15:14:34 : INFO] - Lock (updraft_lock_smush, wp_options) acquired after initialising the database 
[2024-05-29 15:14:34 : INFO] - Processing task with ID : 151, and type 'smush' 
[2024-05-29 15:14:34 : INFO] - Re_Smush_It_Task with attachment ID : 6585, autocreated on : May 29, 2024 03:08:54 
[2024-05-29 15:14:34 : INFO] - File: llgslogo.jpg, Compression quality: 92 
[2024-05-29 15:14:36 : INFO] - Backing up the original image - 2024/05/llgslogo-updraft-pre-smush-original.jpg 
[2024-05-29 15:14:39 : INFO] - Successfully optimized the image - /opt/bitnami/wordpress/wp-content/uploads/2024/05/llgslogo.jpg.The file was compressed from 59.20 KB to 54.38 KB, saving 8.15 percent, using WP-Optimize 
[2024-05-29 15:14:39 : INFO] - Completed processing task with ID : 151, and type 'smush' 
[2024-05-29 15:14:39 : INFO] - Lock option (updraft_lock_smush, wp_options) released 
[2024-05-29 15:14:39 : INFO] - Successfully processed the queue (smush). 1 tasks were processed out of 1. 
[2024-05-29 15:14:39 : INFO] - Lock option (updraft_lock_smush, wp_options) was deleted from the database 
[2024-05-29 15:14:39 : INFO] - Cleaning up tasks of type (smush). A total of 1 tasks will be deleted. 
[2024-05-31 15:12:02 : INFO] - Re_Smush_It_Task with attachment ID : 6599, autocreated on : May 31, 2024 03:12:02 
[2024-05-31 15:18:22 : INFO] - A total of 1 tasks of type smush found and will be processed in this iteration 
[2024-05-31 15:18:22 : DEBUG] - Lock option (updraft_lock_smush, wp_options) was created in the database 
[2024-05-31 15:18:22 : INFO] - Lock (updraft_lock_smush, wp_options) acquired after initialising the database 
[2024-05-31 15:18:22 : INFO] - Processing task with ID : 152, and type 'smush' 
[2024-05-31 15:18:22 : INFO] - Re_Smush_It_Task with attachment ID : 6599, autocreated on : May 31, 2024 03:12:02 
[2024-05-31 15:18:22 : INFO] - File: llgscircle.jpg, Compression quality: 92 
[2024-05-31 15:18:24 : INFO] - Backing up the original image - 2024/05/llgscircle-updraft-pre-smush-original.jpg 
[2024-05-31 15:18:29 : INFO] - Successfully optimized the image - /opt/bitnami/wordpress/wp-content/uploads/2024/05/llgscircle.jpg.The file was compressed from 104.48 KB to 95.91 KB, saving 8.2 percent, using WP-Optimize 
[2024-05-31 15:18:29 : INFO] - Completed processing task with ID : 152, and type 'smush' 
[2024-05-31 15:18:29 : INFO] - Lock option (updraft_lock_smush, wp_options) released 
[2024-05-31 15:18:29 : INFO] - Successfully processed the queue (smush). 1 tasks were processed out of 1. 
[2024-05-31 15:18:29 : INFO] - Lock option (updraft_lock_smush, wp_options) was deleted from the database 
[2024-05-31 15:18:29 : INFO] - Cleaning up tasks of type (smush). A total of 1 tasks will be deleted. 
[2024-05-31 15:19:45 : INFO] - Re_Smush_It_Task with attachment ID : 6606, autocreated on : May 31, 2024 03:19:45 
[2024-06-01 08:08:40 : INFO] - A total of 1 tasks of type smush found and will be processed in this iteration 
[2024-06-01 08:08:40 : DEBUG] - Lock option (updraft_lock_smush, wp_options) was created in the database 
[2024-06-01 08:08:40 : INFO] - Lock (updraft_lock_smush, wp_options) acquired after initialising the database 
[2024-06-01 08:08:40 : INFO] - Processing task with ID : 153, and type 'smush' 
[2024-06-01 08:08:40 : INFO] - Re_Smush_It_Task with attachment ID : 6606, autocreated on : May 31, 2024 03:19:45 
[2024-06-01 08:08:40 : INFO] - File: llgscircle.jpg, Compression quality: 92 
[2024-06-01 08:08:42 : INFO] - Backing up the original image - 2024/05/llgscircle-updraft-pre-smush-original.jpg 
[2024-06-01 08:08:47 : INFO] - Successfully optimized the image - /opt/bitnami/wordpress/wp-content/uploads/2024/05/llgscircle.jpg.The file was compressed from 104.89 KB to 96.05 KB, saving 8.43 percent, using WP-Optimize 
[2024-06-01 08:08:47 : INFO] - Completed processing task with ID : 153, and type 'smush' 
[2024-06-01 08:08:47 : INFO] - Lock option (updraft_lock_smush, wp_options) released 
[2024-06-01 08:08:47 : INFO] - Successfully processed the queue (smush). 1 tasks were processed out of 1. 
[2024-06-01 08:08:47 : INFO] - Lock option (updraft_lock_smush, wp_options) was deleted from the database 
[2024-06-01 08:08:47 : INFO] - Cleaning up tasks of type (smush). A total of 1 tasks will be deleted. 
[2024-06-12 16:59:50 : INFO] - Re_Smush_It_Task with attachment ID : 6612, autocreated on : June 12, 2024 04:59:50 
[2024-06-12 17:03:23 : INFO] - Re_Smush_It_Task with attachment ID : 6616, autocreated on : June 12, 2024 05:03:23 
[2024-06-12 17:05:18 : INFO] - A total of 2 tasks of type smush found and will be processed in this iteration 
[2024-06-12 17:05:18 : DEBUG] - Lock option (updraft_lock_smush, wp_options) was created in the database 
[2024-06-12 17:05:18 : INFO] - Lock (updraft_lock_smush, wp_options) acquired after initialising the database 
[2024-06-12 17:05:18 : INFO] - Processing task with ID : 154, and type 'smush' 
[2024-06-12 17:05:18 : INFO] - Task with ID 154 and type (smush) failed with error code invalid_file_path - The linked attachment ID does not have a valid file path 
[2024-06-12 17:05:18 : INFO] - Processing task with ID : 155, and type 'smush' 
[2024-06-12 17:05:18 : INFO] - Re_Smush_It_Task with attachment ID : 6616, autocreated on : June 12, 2024 05:03:23 
[2024-06-12 17:05:18 : INFO] - File: llgscircle4-1.jpg, Compression quality: 92 
[2024-06-12 17:05:22 : INFO] - Backing up the original image - 2024/06/llgscircle4-1-updraft-pre-smush-original.jpg 
[2024-06-12 17:05:30 : INFO] - Successfully optimized the image - /opt/bitnami/wordpress/wp-content/uploads/2024/06/llgscircle4-1.jpg.The file was compressed from 564.35 KB to 185.79 KB, saving 67.08 percent, using WP-Optimize 
[2024-06-12 17:05:30 : INFO] - Completed processing task with ID : 155, and type 'smush' 
[2024-06-12 17:05:30 : INFO] - Lock option (updraft_lock_smush, wp_options) released 
[2024-06-12 17:05:30 : INFO] - Successfully processed the queue (smush). 2 tasks were processed out of 2. 
[2024-06-12 17:05:30 : INFO] - Lock option (updraft_lock_smush, wp_options) was deleted from the database 
[2024-06-12 17:05:30 : INFO] - Cleaning up tasks of type (smush). A total of 1 tasks will be deleted. 
[2025-03-17 22:34:48 : INFO] - Re_Smush_It_Task with attachment ID : 7866, autocreated on : March 17, 2025 10:34:48 
[2025-03-17 22:34:49 : INFO] - Re_Smush_It_Task with attachment ID : 7867, autocreated on : March 17, 2025 10:34:49 
[2025-03-17 22:40:10 : INFO] - A total of 2 tasks of type smush found and will be processed in this iteration 
[2025-03-17 22:40:10 : DEBUG] - Lock option (updraft_lock_smush, wp_options) was created in the database 
[2025-03-17 22:40:10 : INFO] - Lock (updraft_lock_smush, wp_options) acquired after initialising the database 
[2025-03-17 22:40:10 : INFO] - Processing task with ID : 1649, and type 'smush' 
[2025-03-17 22:40:10 : INFO] - Re_Smush_It_Task with attachment ID : 7866, autocreated on : March 17, 2025 10:34:48 
[2025-03-17 22:40:10 : INFO] - File: Llogo.jpg, Compression quality: 92 
[2025-03-17 22:40:12 : INFO] - Backing up the original image - 2025/03/Llogo-updraft-pre-smush-original.jpg 
[2025-03-17 22:40:15 : INFO] - Successfully optimized the image - /opt/bitnami/wordpress/wp-content/uploads/2025/03/Llogo.jpg.The file was compressed from 70.75 KB to 29.31 KB, saving 58.57 percent, using WP-Optimize 
[2025-03-17 22:40:15 : INFO] - Completed processing task with ID : 1649, and type 'smush' 
[2025-03-17 22:40:15 : INFO] - Processing task with ID : 1650, and type 'smush' 
[2025-03-17 22:40:15 : INFO] - Re_Smush_It_Task with attachment ID : 7867, autocreated on : March 17, 2025 10:34:49 
[2025-03-17 22:40:15 : INFO] - File: logo2.jpg, Compression quality: 92 
[2025-03-17 22:40:16 : INFO] - Backing up the original image - 2025/03/logo2-updraft-pre-smush-original.jpg 
[2025-03-17 22:40:16 : INFO] - Successfully optimized the image - /opt/bitnami/wordpress/wp-content/uploads/2025/03/logo2.jpg.The file was compressed from 20.00 KB to 8.63 KB, saving 56.86 percent, using WP-Optimize 
[2025-03-17 22:40:16 : INFO] - Completed processing task with ID : 1650, and type 'smush' 
[2025-03-17 22:40:16 : INFO] - Lock option (updraft_lock_smush, wp_options) released 
[2025-03-17 22:40:16 : INFO] - Successfully processed the queue (smush). 2 tasks were processed out of 2. 
[2025-03-17 22:40:16 : INFO] - Lock option (updraft_lock_smush, wp_options) was deleted from the database 
[2025-03-17 22:40:16 : INFO] - Cleaning up tasks of type (smush). A total of 2 tasks will be deleted. 
[2025-03-18 09:35:19 : INFO] - Re_Smush_It_Task with attachment ID : 7868, autocreated on : March 18, 2025 09:35:19 
[2025-03-18 09:35:21 : INFO] - Re_Smush_It_Task with attachment ID : 7869, autocreated on : March 18, 2025 09:35:21 
[2025-03-18 09:35:21 : INFO] - Re_Smush_It_Task with attachment ID : 7870, autocreated on : March 18, 2025 09:35:21 
[2025-03-18 09:35:22 : INFO] - Re_Smush_It_Task with attachment ID : 7871, autocreated on : March 18, 2025 09:35:22 
[2025-03-18 09:40:29 : INFO] - A total of 4 tasks of type smush found and will be processed in this iteration 
[2025-03-18 09:40:29 : DEBUG] - Lock option (updraft_lock_smush, wp_options) was created in the database 
[2025-03-18 09:40:29 : INFO] - Lock (updraft_lock_smush, wp_options) acquired after initialising the database 
[2025-03-18 09:40:29 : INFO] - Processing task with ID : 1651, and type 'smush' 
[2025-03-18 09:40:29 : INFO] - Re_Smush_It_Task with attachment ID : 7868, autocreated on : March 18, 2025 09:35:19 
[2025-03-18 09:40:29 : INFO] - File: insights1.jpg, Compression quality: 92 
[2025-03-18 09:40:33 : INFO] - Backing up the original image - 2025/03/insights1-updraft-pre-smush-original.jpg 
[2025-03-18 09:40:36 : INFO] - Successfully optimized the image - /opt/bitnami/wordpress/wp-content/uploads/2025/03/insights1.jpg.The file was compressed from 51.41 KB to 50.79 KB, saving 1.2 percent, using WP-Optimize 
[2025-03-18 09:40:36 : INFO] - Completed processing task with ID : 1651, and type 'smush' 
[2025-03-18 09:40:36 : INFO] - Processing task with ID : 1652, and type 'smush' 
[2025-03-18 09:40:36 : INFO] - Re_Smush_It_Task with attachment ID : 7869, autocreated on : March 18, 2025 09:35:21 
[2025-03-18 09:40:36 : INFO] - File: insights2.jpg, Compression quality: 92 
[2025-03-18 09:40:37 : INFO] - Backing up the original image - 2025/03/insights2-updraft-pre-smush-original.jpg 
[2025-03-18 09:40:40 : INFO] - Successfully optimized the image - /opt/bitnami/wordpress/wp-content/uploads/2025/03/insights2.jpg.The file was compressed from 21.08 KB to 18.48 KB, saving 12.31 percent, using WP-Optimize 
[2025-03-18 09:40:40 : INFO] - Completed processing task with ID : 1652, and type 'smush' 
[2025-03-18 09:40:40 : INFO] - Processing task with ID : 1653, and type 'smush' 
[2025-03-18 09:40:40 : INFO] - Re_Smush_It_Task with attachment ID : 7870, autocreated on : March 18, 2025 09:35:21 
[2025-03-18 09:40:40 : INFO] - File: insights3.jpg, Compression quality: 92 
[2025-03-18 09:40:42 : INFO] - Backing up the original image - 2025/03/insights3-updraft-pre-smush-original.jpg 
[2025-03-18 09:40:45 : INFO] - Successfully optimized the image - /opt/bitnami/wordpress/wp-content/uploads/2025/03/insights3.jpg.The file was compressed from 50.99 KB to 50.35 KB, saving 1.25 percent, using WP-Optimize 
[2025-03-18 09:40:45 : INFO] - Completed processing task with ID : 1653, and type 'smush' 
[2025-03-18 09:40:45 : INFO] - Processing task with ID : 1654, and type 'smush' 
[2025-03-18 09:40:45 : INFO] - Re_Smush_It_Task with attachment ID : 7871, autocreated on : March 18, 2025 09:35:22 
[2025-03-18 09:40:45 : INFO] - File: insights4.jpg, Compression quality: 92 
[2025-03-18 09:40:47 : INFO] - Backing up the original image - 2025/03/insights4-updraft-pre-smush-original.jpg 
[2025-03-18 09:40:49 : INFO] - Successfully optimized the image - /opt/bitnami/wordpress/wp-content/uploads/2025/03/insights4.jpg.The file was compressed from 51.24 KB to 50.35 KB, saving 1.74 percent, using WP-Optimize 
[2025-03-18 09:40:49 : INFO] - Completed processing task with ID : 1654, and type 'smush' 
[2025-03-18 09:40:49 : INFO] - Lock option (updraft_lock_smush, wp_options) released 
[2025-03-18 09:40:49 : INFO] - Successfully processed the queue (smush). 4 tasks were processed out of 4. 
[2025-03-18 09:40:49 : INFO] - Lock option (updraft_lock_smush, wp_options) was deleted from the database 
[2025-03-18 09:40:49 : INFO] - Cleaning up tasks of type (smush). A total of 4 tasks will be deleted. 
